<?xml version="1.0" encoding="UTF-8"?>
<!-- Generated by org.testng.reporters.JUnitXMLReporter -->
<testsuite ignored="4" hostname="BL-JFRPJL3" failures="0" tests="10" name="Test" time="0.131" errors="0" timestamp="2026-05-26T18:13:52 IST">
  <testcase classname="TestNG.day1" name="demo" time="0.01"/>
  <testcase classname="TestNG.day2" name="demo1" time="0.003"/>
  <testcase classname="TestNG.Day3" name="func1" time="0.003"/>
  <testcase classname="TestNG.Day3" name="func2" time="0.001"/>
  <testcase classname="TestNG.Day3" name="func3" time="0.002"/>
  <testcase classname="TestNG.day4" name="mymethod1" time="0.004"/>
  <testcase classname="TestNG.day4" name="mymethod1" time="0.002"/>
  <testcase classname="TestNG.day4" name="mymethod1" time="0.001"/>
  <testcase classname="TestNG.day4" name="mymethod4" time="0.002"/>
  <testcase classname="TestNG.day4" name="mymethod2" time="0.001"/>
  <testcase classname="TestNG.day4" name="mymethod3" time="0.0">
    <ignored/>
  </testcase> <!-- mymethod3 -->
  <testcase classname="TestNG.day1" name="demo3" time="0.0">
    <ignored/>
  </testcase> <!-- demo3 -->
  <testcase classname="TestNG.day1" name="demo2" time="0.0">
    <ignored/>
  </testcase> <!-- demo2 -->
  <testcase classname="TestNG.day1" name="demo1" time="0.0">
    <ignored/>
  </testcase> <!-- demo1 -->
</testsuite> <!-- Test -->
