<?xml version="1.0" encoding="UTF-8"?>
<testng-results ignored="0" total="2" passed="2" failed="0" skipped="0">
  <reporter-output>
  </reporter-output>
  <suite started-at="2026-05-27T00:18:34 IST" name="Default suite" finished-at="2026-05-27T00:18:34 IST" duration-ms="97">
    <groups>
    </groups>
    <test started-at="2026-05-27T00:18:34 IST" name="Default test" finished-at="2026-05-27T00:18:34 IST" duration-ms="97">
      <class name="PS1">
        <test-method is-config="true" signature="test2()[pri:0, instance:PS1@14cd1699]" started-at="2026-05-27T00:18:34 IST" name="test2" finished-at="2026-05-27T00:18:34 IST" duration-ms="10" status="PASS">
          <reporter-output>
          </reporter-output>
        </test-method> <!-- test2 -->
        <test-method signature="doThis()[pri:0, instance:PS1@14cd1699]" started-at="2026-05-27T00:18:34 IST" name="doThis" finished-at="2026-05-27T00:18:34 IST" duration-ms="12" status="PASS">
          <reporter-output>
          </reporter-output>
        </test-method> <!-- doThis -->
        <test-method is-config="true" signature="test2()[pri:0, instance:PS1@14cd1699]" started-at="2026-05-27T00:18:34 IST" name="test2" finished-at="2026-05-27T00:18:34 IST" duration-ms="1" status="PASS">
          <reporter-output>
          </reporter-output>
        </test-method> <!-- test2 -->
        <test-method signature="testMethod()[pri:0, instance:PS1@14cd1699]" started-at="2026-05-27T00:18:34 IST" name="testMethod" finished-at="2026-05-27T00:18:34 IST" duration-ms="3" status="PASS">
          <reporter-output>
          </reporter-output>
        </test-method> <!-- testMethod -->
      </class> <!-- PS1 -->
    </test> <!-- Default test -->
  </suite> <!-- Default suite -->
</testng-results>
