<?xml version="1.0" encoding="UTF-8"?>
<!-- Generated by org.testng.reporters.JUnitReportReporter -->
<testsuite hostname="BL-JFRPJL3" failures="0" tests="6" name="TestNG.day4" time="0.010" errors="0" timestamp="2026-05-26T18:13:52 IST" skipped="1">
  <testcase classname="TestNG.day4" name="mymethod1" time="0.001"/>
  <testcase classname="TestNG.day4" name="mymethod4" time="0.002"/>
  <testcase classname="TestNG.day4" name="mymethod1" time="0.004"/>
  <testcase classname="TestNG.day4" name="mymethod1" time="0.002"/>
  <testcase classname="TestNG.day4" name="mymethod2" time="0.001"/>
  <testcase classname="TestNG.day4" name="mymethod3">
    <skipped/>
  </testcase> <!-- mymethod3 -->
</testsuite> <!-- TestNG.day4 -->
